<?xml version="1.0" encoding="UTF-8"?>
<!-- Generated by org.testng.reporters.JUnitXMLReporter -->
<testsuite hostname="5CG6323N27" ignored="0" name="Test" tests="11" failures="0" timestamp="2021-09-02T18:03:43 IST" time="6.178" errors="0">
  <testcase name="searchBox" time="0.197" classname="com.WebBrowser.TestCases.FirstTest"/>
  <testcase name="searchGoogle" time="0.146" classname="com.WebBrowser.TestCases.FirstTest"/>
  <testcase name="searchGoogle" time="0.145" classname="com.WebBrowser.TestCases.FirstTest"/>
  <testcase name="searchGoogle" time="0.145" classname="com.WebBrowser.TestCases.FirstTest"/>
  <testcase name="searchGoogle" time="0.361" classname="com.WebBrowser.TestCases.FirstTest"/>
  <testcase name="searchGoogle" time="0.19" classname="com.WebBrowser.TestCases.FirstTest"/>
  <testcase name="searchGoogle" time="0.165" classname="com.WebBrowser.TestCases.FirstTest"/>
  <testcase name="searchGoogle" time="0.18" classname="com.WebBrowser.TestCases.FirstTest"/>
  <testcase name="searchGoogle" time="0.183" classname="com.WebBrowser.TestCases.FirstTest"/>
  <testcase name="searchGoogle" time="0.146" classname="com.WebBrowser.TestCases.FirstTest"/>
  <testcase name="singleSearchGoogle" time="0.188" classname="com.WebBrowser.TestCases.FirstTest"/>
</testsuite> <!-- Test -->
